[[1;34mINFO[m] Scanning for projects...
[[1;34mINFO[m] Inspecting build with total of 1 modules...
[[1;34mINFO[m] Installing Nexus Staging features:
[[1;34mINFO[m]   ... total of 1 executions of maven-deploy-plugin replaced with nexus-staging-maven-plugin
[[1;34mINFO[m] 
[[1;34mINFO[m] [1m------------------< [0;36mde.gwdg.metadataqa:qa-catalogue[0;1m >-------------------[m
[[1;34mINFO[m] [1mBuilding Quality assessment for bibliographic records 0.8.0-SNAPSHOT[m
[[1;34mINFO[m] [1m--------------------------------[ jar ]---------------------------------[m
[[1;34mINFO[m] 
[[1;34mINFO[m] [1m--- [0;32mmaven-clean-plugin:2.5:clean[m [1m(default-clean)[m @ [36mqa-catalogue[0;1m ---[m
[[1;34mINFO[m] Deleting /home/docker/qa-catalogue-main/target
[[1;34mINFO[m] 
[[1;34mINFO[m] [1m--- [0;32mjacoco-maven-plugin:0.8.6:prepare-agent[m [1m(prepare-agent)[m @ [36mqa-catalogue[0;1m ---[m
[[1;34mINFO[m] argLine set to -javaagent:/home/docker/.m2/repository/org/jacoco/org.jacoco.agent/0.8.6/org.jacoco.agent-0.8.6-runtime.jar=destfile=/home/docker/qa-catalogue-main/target/jacoco.exec -Duser.timezone=UTC -Dfile.encoding=UTF-8 -Duser.language=en -Duser.region=US
[[1;34mINFO[m] 
[[1;34mINFO[m] [1m--- [0;32mmaven-resources-plugin:2.6:resources[m [1m(default-resources)[m @ [36mqa-catalogue[0;1m ---[m
[[1;34mINFO[m] Using 'UTF-8' encoding to copy filtered resources.
[[1;34mINFO[m] Copying 1 resource
[[1;34mINFO[m] Copying 25 resources
[[1;34mINFO[m] 
[[1;34mINFO[m] [1m--- [0;32mmaven-compiler-plugin:3.8.1:compile[m [1m(default-compile)[m @ [36mqa-catalogue[0;1m ---[m
[[1;34mINFO[m] Changes detected - recompiling the module!
[[1;34mINFO[m] Compiling 1038 source files to /home/docker/qa-catalogue-main/target/classes
[[1;34mINFO[m] /home/docker/qa-catalogue-main/src/main/java/de/gwdg/metadataqa/marc/dao/record/BibliographicRecord.java: Some input files use unchecked or unsafe operations.
[[1;34mINFO[m] /home/docker/qa-catalogue-main/src/main/java/de/gwdg/metadataqa/marc/dao/record/BibliographicRecord.java: Recompile with -Xlint:unchecked for details.
[[1;34mINFO[m] 
[[1;34mINFO[m] [1m--- [0;32mmaven-resources-plugin:2.6:testResources[m [1m(default-testResources)[m @ [36mqa-catalogue[0;1m ---[m
[[1;34mINFO[m] Using 'UTF-8' encoding to copy filtered resources.
[[1;34mINFO[m] Copying 125 resources
[[1;34mINFO[m] 
[[1;34mINFO[m] [1m--- [0;32mmaven-compiler-plugin:3.8.1:testCompile[m [1m(default-testCompile)[m @ [36mqa-catalogue[0;1m ---[m
[[1;34mINFO[m] Changes detected - recompiling the module!
[[1;34mINFO[m] Compiling 249 source files to /home/docker/qa-catalogue-main/target/test-classes
[[1;34mINFO[m] /home/docker/qa-catalogue-main/src/test/java/de/gwdg/metadataqa/marc/definition/general/parser/LinkageParserTest.java: Some input files use or override a deprecated API.
[[1;34mINFO[m] /home/docker/qa-catalogue-main/src/test/java/de/gwdg/metadataqa/marc/definition/general/parser/LinkageParserTest.java: Recompile with -Xlint:deprecation for details.
[[1;34mINFO[m] /home/docker/qa-catalogue-main/src/test/java/de/gwdg/metadataqa/marc/cli/utils/RecordIteratorTest.java: Some input files use unchecked or unsafe operations.
[[1;34mINFO[m] /home/docker/qa-catalogue-main/src/test/java/de/gwdg/metadataqa/marc/cli/utils/RecordIteratorTest.java: Recompile with -Xlint:unchecked for details.
[[1;34mINFO[m] 
[[1;34mINFO[m] [1m--- [0;32mmaven-surefire-plugin:2.12.4:test[m [1m(default-test)[m @ [36mqa-catalogue[0;1m ---[m
[[1;34mINFO[m] Surefire report directory: /home/docker/qa-catalogue-main/target/surefire-reports

-------------------------------------------------------
 T E S T S
-------------------------------------------------------
Running de.gwdg.metadataqa.marc.cli.CompletenessTest
Mar 14, 2024 10:33:14 AM de.gwdg.metadataqa.marc.utils.pica.PicaSchemaReader createSchemaManager
INFO: read schema
Mar 14, 2024 10:33:14 AM de.gwdg.metadataqa.marc.utils.pica.PicaSchemaReader createSchemaManager
INFO: default file
Mar 14, 2024 10:33:14 AM de.gwdg.metadataqa.marc.utils.pica.PicaSchemaReader createSchemaManager
INFO: read from file: /home/docker/qa-catalogue-main/src/main/resources/pica/avram-k10plus-title.json
Mar 14, 2024 10:33:14 AM de.gwdg.metadataqa.marc.cli.Completeness beforeIteration
INFO: schemaType: PICA
marcVersion: MARC21, MARC21
marcFormat: PICA_NORMALIZED, PICA normalized
dataSource: FILE, from file
limit: -1
offset: -1
MARC files: /home/docker/qa-catalogue-main/src/test/resources/pica/pica-with-holdings-info.dat
id: null
defaultRecordType: BOOKS
fixAlephseq: false
fixAlma: false
alephseq: false
marcxml: false
lineSeparated: false
outputDir: /home/docker/qa-catalogue-main/src/test/resources/output
trimId: false
ignorableFields: 
allowableRecords: PicaFilter{criteria=null}
ignorableRecords: PicaFilter{criteria=null}
defaultEncoding: null
alephseqLineType: null
picaIdField: 003@$0
picaSubfieldSeparator: $
picaRecordType: 002@$0
groupBy: 001@$0
groupListFile: /home/docker/qa-catalogue-main/target/test-classes/k10plus-libraries-by-unique-iln.txt
solrForScoresUrl: null
format: comma separated
advanced: false
onlyPackages: false

Mar 14, 2024 10:33:14 AM de.gwdg.metadataqa.marc.utils.pica.PicaSchemaReader createSchemaManager
INFO: read schema
Mar 14, 2024 10:33:14 AM de.gwdg.metadataqa.marc.utils.pica.PicaSchemaReader createSchemaManager
INFO: default file
Mar 14, 2024 10:33:14 AM de.gwdg.metadataqa.marc.utils.pica.PicaSchemaReader createSchemaManager
INFO: read from file: /home/docker/qa-catalogue-main/src/main/resources/pica/avram-k10plus-title.json
Mar 14, 2024 10:33:15 AM de.gwdg.metadataqa.marc.cli.utils.RecordIterator start
INFO: marcVersion: MARC21, MARC21
Mar 14, 2024 10:33:15 AM de.gwdg.metadataqa.marc.cli.utils.RecordIterator processFile
INFO: processing: pica-with-holdings-info.dat
Mar 14, 2024 10:33:15 AM de.gwdg.metadataqa.marc.utils.pica.PicaSchemaReader createSchemaManager
INFO: read schema
Mar 14, 2024 10:33:15 AM de.gwdg.metadataqa.marc.utils.pica.PicaSchemaReader createSchemaManager
INFO: default file
Mar 14, 2024 10:33:15 AM de.gwdg.metadataqa.marc.utils.pica.PicaSchemaReader createSchemaManager
INFO: read from file: /home/docker/qa-catalogue-main/src/main/resources/pica/avram-k10plus-title.json
SLF4J: Class path contains multiple SLF4J providers.
SLF4J: Found provider [org.slf4j.simple.SimpleServiceProvider@15639440]
SLF4J: Found provider [org.apache.logging.slf4j.SLF4JServiceProvider@121bb45b]
SLF4J: See https://www.slf4j.org/codes.html#multiple_bindings for an explanation.
SLF4J: Actual provider is of type [org.slf4j.simple.SimpleServiceProvider@15639440]
[main] INFO org.reflections.Reflections - Reflections took 267 ms to scan 2 urls, producing 4 keys and 531 values
Mar 14, 2024 10:33:16 AM de.gwdg.metadataqa.marc.cli.utils.RecordIterator processFile
INFO: Finished processing file. Processed 10 records.
Mar 14, 2024 10:33:16 AM de.gwdg.metadataqa.marc.cli.Completeness saveLibraries003
INFO: Saving libraries003...
Mar 14, 2024 10:33:16 AM de.gwdg.metadataqa.marc.cli.Completeness saveLibraries
INFO: Saving libraries...
Mar 14, 2024 10:33:16 AM de.gwdg.metadataqa.marc.cli.Completeness saveGroups
INFO: Saving groups...
Mar 14, 2024 10:33:16 AM de.gwdg.metadataqa.marc.cli.Completeness saveGroupedPackages
INFO: saving grouped packages...
Mar 14, 2024 10:33:16 AM de.gwdg.metadataqa.marc.cli.Completeness saveGroupedMarcElements
INFO: saving grouped MARC elements...
Mar 14, 2024 10:33:16 AM de.gwdg.metadataqa.marc.cli.QACli saveParameters
INFO: Saving configuration to /home/docker/qa-catalogue-main/src/test/resources/output/completeness.params.json.
Mar 14, 2024 10:33:16 AM de.gwdg.metadataqa.marc.cli.utils.RecordIterator start
INFO: Bye! It took: 00:00:01
Tests run: 1, Failures: 1, Errors: 0, Skipped: 0, Time elapsed: 2.758 sec <<< FAILURE!
completeness_pica_groupBy_file(de.gwdg.metadataqa.marc.cli.CompletenessTest)  Time elapsed: 2.663 sec  <<< FAILURE!
junit.framework.AssertionFailedError
	at junit.framework.Assert.fail(Assert.java:55)
	at junit.framework.Assert.assertTrue(Assert.java:22)
	at junit.framework.Assert.assertTrue(Assert.java:31)
	at junit.framework.TestCase.assertTrue(TestCase.java:200)
	at de.gwdg.metadataqa.marc.cli.CompletenessTest.completeness_pica_groupBy_file(CompletenessTest.java:311)
	at java.base/jdk.internal.reflect.NativeMethodAccessorImpl.invoke0(Native Method)
	at java.base/jdk.internal.reflect.NativeMethodAccessorImpl.invoke(NativeMethodAccessorImpl.java:62)
	at java.base/jdk.internal.reflect.DelegatingMethodAccessorImpl.invoke(DelegatingMethodAccessorImpl.java:43)
	at java.base/java.lang.reflect.Method.invoke(Method.java:566)
	at org.junit.runners.model.FrameworkMethod$1.runReflectiveCall(FrameworkMethod.java:59)
	at org.junit.internal.runners.model.ReflectiveCallable.run(ReflectiveCallable.java:12)
	at org.junit.runners.model.FrameworkMethod.invokeExplosively(FrameworkMethod.java:56)
	at org.junit.internal.runners.statements.InvokeMethod.evaluate(InvokeMethod.java:17)
	at org.junit.internal.runners.statements.RunBefores.evaluate(RunBefores.java:26)
	at org.junit.runners.ParentRunner$3.evaluate(ParentRunner.java:306)
	at org.junit.runners.BlockJUnit4ClassRunner$1.evaluate(BlockJUnit4ClassRunner.java:100)
	at org.junit.runners.ParentRunner.runLeaf(ParentRunner.java:366)
	at org.junit.runners.BlockJUnit4ClassRunner.runChild(BlockJUnit4ClassRunner.java:103)
	at org.junit.runners.BlockJUnit4ClassRunner.runChild(BlockJUnit4ClassRunner.java:63)
	at org.junit.runners.ParentRunner$4.run(ParentRunner.java:331)
	at org.junit.runners.ParentRunner$1.schedule(ParentRunner.java:79)
	at org.junit.runners.ParentRunner.runChildren(ParentRunner.java:329)
	at org.junit.runners.ParentRunner.access$100(ParentRunner.java:66)
	at org.junit.runners.ParentRunner$2.evaluate(ParentRunner.java:293)
	at org.junit.runners.ParentRunner$3.evaluate(ParentRunner.java:306)
	at org.junit.runners.ParentRunner.run(ParentRunner.java:413)
	at org.apache.maven.surefire.junit4.JUnit4Provider.execute(JUnit4Provider.java:242)
	at org.apache.maven.surefire.junit4.JUnit4Provider.executeTestSet(JUnit4Provider.java:137)
	at org.apache.maven.surefire.junit4.JUnit4Provider.invoke(JUnit4Provider.java:112)
	at java.base/jdk.internal.reflect.NativeMethodAccessorImpl.invoke0(Native Method)
	at java.base/jdk.internal.reflect.NativeMethodAccessorImpl.invoke(NativeMethodAccessorImpl.java:62)
	at java.base/jdk.internal.reflect.DelegatingMethodAccessorImpl.invoke(DelegatingMethodAccessorImpl.java:43)
	at java.base/java.lang.reflect.Method.invoke(Method.java:566)
	at org.apache.maven.surefire.util.ReflectionUtils.invokeMethodWithArray(ReflectionUtils.java:189)
	at org.apache.maven.surefire.booter.ProviderFactory$ProviderProxy.invoke(ProviderFactory.java:165)
	at org.apache.maven.surefire.booter.ProviderFactory.invokeProvider(ProviderFactory.java:85)
	at org.apache.maven.surefire.booter.ForkedBooter.runSuitesInProcess(ForkedBooter.java:115)
	at org.apache.maven.surefire.booter.ForkedBooter.main(ForkedBooter.java:75)


Results :

Failed tests:   completeness_pica_groupBy_file(de.gwdg.metadataqa.marc.cli.CompletenessTest)

Tests run: 1, Failures: 1, Errors: 0, Skipped: 0

[[1;34mINFO[m] [1m------------------------------------------------------------------------[m
[[1;34mINFO[m] [1;31mBUILD FAILURE[m
[[1;34mINFO[m] [1m------------------------------------------------------------------------[m
[[1;34mINFO[m] Total time:  15.350 s
[[1;34mINFO[m] Finished at: 2024-03-14T11:33:17+01:00
[[1;34mINFO[m] [1m------------------------------------------------------------------------[m
[[1;31mERROR[m] Failed to execute goal [32morg.apache.maven.plugins:maven-surefire-plugin:2.12.4:test[m [1m(default-test)[m on project [36mqa-catalogue[m: [1;31mThere are test failures.[m
[[1;31mERROR[m] [1;31m[m
[[1;31mERROR[m] [1;31mPlease refer to /home/docker/qa-catalogue-main/target/surefire-reports for the individual test results.[m
[[1;31mERROR[m] -> [1m[Help 1][m
[[1;31mERROR[m] 
[[1;31mERROR[m] To see the full stack trace of the errors, re-run Maven with the [1m-e[m switch.
[[1;31mERROR[m] Re-run Maven using the [1m-X[m switch to enable full debug logging.
[[1;31mERROR[m] 
[[1;31mERROR[m] For more information about the errors and possible solutions, please read the following articles:
[[1;31mERROR[m] [1m[Help 1][m http://cwiki.apache.org/confluence/display/MAVEN/MojoFailureException
